<?xml version="1.0" encoding="UTF-8"?>
<!-- Generated by org.testng.reporters.JUnitReportReporter -->
<testsuite hostname="DESKTOP-E06HOR8" failures="0" tests="3" name="websiteopeningindifferenbrowser.chromeBrowser" time="14.907" errors="0" timestamp="2024-05-09T08:40:41 IST" skipped="0">
  <testcase classname="websiteopeningindifferenbrowser.chromeBrowser" name="resoultion19201080" time="6.106"/>
  <system-out/>
  <testcase classname="websiteopeningindifferenbrowser.chromeBrowser" name="resoultion1366768" time="4.558"/>
  <system-out/>
  <testcase classname="websiteopeningindifferenbrowser.chromeBrowser" name="resoultion1536864" time="4.243"/>
  <system-out/>
</testsuite> <!-- websiteopeningindifferenbrowser.chromeBrowser -->
