<?xml version="1.0" encoding="UTF-8"?>
<!-- Generated by org.testng.reporters.JUnitReportReporter -->
<testsuite hostname="DESKTOP-E06HOR8" failures="0" tests="1" name="websiteopeningindifferenbrowser.Functionltestsctipt" time="19.955" errors="0" timestamp="2024-05-09T08:36:24 IST" skipped="0">
  <testcase classname="websiteopeningindifferenbrowser.Functionltestsctipt" name="function" time="19.955"/>
  <system-out/>
</testsuite> <!-- websiteopeningindifferenbrowser.Functionltestsctipt -->
