<?xml version="1.0" encoding="UTF-8"?>
<!-- Generated by org.testng.reporters.JUnitReportReporter -->
<testsuite hostname="DESKTOP-E06HOR8" failures="0" tests="3" name="firefox.resolution2" time="90.315" errors="0" timestamp="2024-05-08T23:22:58 IST" skipped="0">
  <testcase classname="firefox.resolution2" name="resoultion19201080" time="14.002"/>
  <system-out/>
  <testcase classname="firefox.resolution2" name="resoultion1366768" time="62.717"/>
  <system-out/>
  <testcase classname="firefox.resolution2" name="resoultion1536864" time="13.596"/>
  <system-out/>
</testsuite> <!-- firefox.resolution2 -->
