<?xml version="1.0" encoding="UTF-8"?>
<!-- Generated by org.testng.reporters.JUnitReportReporter -->
<testsuite hostname="DESKTOP-E06HOR8" failures="0" tests="3" name="chromebrowser.resolution19201080" time="27.865" errors="0" timestamp="2024-05-08T23:02:35 IST" skipped="0">
  <testcase classname="chromebrowser.resolution19201080" name="resoultion19201080" time="12.899"/>
  <system-out/>
  <testcase classname="chromebrowser.resolution19201080" name="resoultion1366768" time="8.078"/>
  <system-out/>
  <testcase classname="chromebrowser.resolution19201080" name="resoultion1536864" time="6.888"/>
  <system-out/>
</testsuite> <!-- chromebrowser.resolution19201080 -->
