<?xml version="1.0" encoding="UTF-8"?>
<!-- Generated by org.testng.reporters.JUnitReportReporter -->
<testsuite hostname="DESKTOP-E06HOR8" failures="0" tests="3" name="websiteopeningindifferenbrowser.FireFOX" time="26.727" errors="0" timestamp="2024-05-09T08:45:07 IST" skipped="0">
  <testcase classname="websiteopeningindifferenbrowser.FireFOX" name="resoultion19201080" time="7.992"/>
  <system-out/>
  <testcase classname="websiteopeningindifferenbrowser.FireFOX" name="resoultion1366768" time="10.449"/>
  <system-out/>
  <testcase classname="websiteopeningindifferenbrowser.FireFOX" name="resoultion1536864" time="8.286"/>
  <system-out/>
</testsuite> <!-- websiteopeningindifferenbrowser.FireFOX -->
