<?xml version="1.0" encoding="UTF-8"?>
<!-- Generated by org.testng.reporters.JUnitReportReporter -->
<testsuite hostname="DESKTOP-E06HOR8" failures="0" tests="3" name="chromebrowser.resolution1" time="21.463" errors="0" timestamp="2024-05-08T23:16:21 IST" skipped="0">
  <testcase classname="chromebrowser.resolution1" name="resoultion19201080" time="9.867"/>
  <system-out/>
  <testcase classname="chromebrowser.resolution1" name="resoultion1366768" time="6.369"/>
  <system-out/>
  <testcase classname="chromebrowser.resolution1" name="resoultion1536864" time="5.227"/>
  <system-out/>
</testsuite> <!-- chromebrowser.resolution1 -->
